Using pre-set license
Built from '2022.3/staging' branch; Version is '2022.3.8f1 (b5eafc012955) revision 11922172'; Using compiler version '192829333'; Build Type 'Release'
OS: 'Windows 11  (10.0.22631) 64bit Core' Language: 'en' Physical Memory: 16085 MB
BatchMode: 1, IsHumanControllingUs: 0, StartBugReporterOnCrash: 0, Is64bit: 1, IsPro: 1

COMMAND LINE ARGUMENTS:
D:\Apps\Unity\Unity Hub\Editor\Unity.exe
-adb2
-batchMode
-noUpm
-name
AssetImportWorker3
-projectPath
D:/GitHub/BetterWorld
-logFile
Logs/AssetImportWorker3.log
-srvPort
55756
Successfully changed project path to: D:/GitHub/BetterWorld
D:/GitHub/BetterWorld
[UnityMemory] Configuration Parameters - Can be set up in boot.config
    "memorysetup-bucket-allocator-granularity=16"
    "memorysetup-bucket-allocator-bucket-count=8"
    "memorysetup-bucket-allocator-block-size=33554432"
    "memorysetup-bucket-allocator-block-count=8"
    "memorysetup-main-allocator-block-size=16777216"
    "memorysetup-thread-allocator-block-size=16777216"
    "memorysetup-gfx-main-allocator-block-size=16777216"
    "memorysetup-gfx-thread-allocator-block-size=16777216"
    "memorysetup-cache-allocator-block-size=4194304"
    "memorysetup-typetree-allocator-block-size=2097152"
    "memorysetup-profiler-bucket-allocator-granularity=16"
    "memorysetup-profiler-bucket-allocator-bucket-count=8"
    "memorysetup-profiler-bucket-allocator-block-size=33554432"
    "memorysetup-profiler-bucket-allocator-block-count=8"
    "memorysetup-profiler-allocator-block-size=16777216"
    "memorysetup-profiler-editor-allocator-block-size=1048576"
    "memorysetup-temp-allocator-size-main=16777216"
    "memorysetup-job-temp-allocator-block-size=2097152"
    "memorysetup-job-temp-allocator-block-size-background=1048576"
    "memorysetup-job-temp-allocator-reduction-small-platforms=262144"
    "memorysetup-allocator-temp-initial-block-size-main=262144"
    "memorysetup-allocator-temp-initial-block-size-worker=262144"
    "memorysetup-temp-allocator-size-background-worker=32768"
    "memorysetup-temp-allocator-size-job-worker=262144"
    "memorysetup-temp-allocator-size-preload-manager=33554432"
    "memorysetup-temp-allocator-size-nav-mesh-worker=65536"
    "memorysetup-temp-allocator-size-audio-worker=65536"
    "memorysetup-temp-allocator-size-cloud-worker=32768"
    "memorysetup-temp-allocator-size-gi-baking-worker=262144"
    "memorysetup-temp-allocator-size-gfx=262144"
Player connection [2472] Host "[IP] 172.19.48.243 [Port] 0 [Flags] 2 [Guid] 1985045033 [EditorId] 1985045033 [Version] 1048832 [Id] WindowsEditor(7,MSI) [Debug] 1 [PackageName] WindowsEditor [ProjectName] Editor" joined multi-casting on [225.0.0.222:54997]...

Player connection [2472] Host "[IP] 172.19.48.243 [Port] 0 [Flags] 2 [Guid] 1985045033 [EditorId] 1985045033 [Version] 1048832 [Id] WindowsEditor(7,MSI) [Debug] 1 [PackageName] WindowsEditor [ProjectName] Editor" joined alternative multi-casting on [225.0.0.222:34997]...

[Physics::Module] Initialized MultithreadedJobDispatcher with 11 workers.
Refreshing native plugins compatible for Editor in 4.00 ms, found 3 plugins.
Preloading 0 native plugins for Editor in 0.00 ms.
Initialize engine version: 2022.3.8f1 (b5eafc012955)
[Subsystems] Discovering subsystems at path D:/Apps/Unity/Unity Hub/Editor/Data/Resources/UnitySubsystems
[Subsystems] Discovering subsystems at path D:/GitHub/BetterWorld/Assets
GfxDevice: creating device client; threaded=0; jobified=0
Direct3D:
    Version:  Direct3D 11.0 [level 11.1]
    Renderer: NVIDIA GeForce GTX 1650 (ID=0x1f9d)
    Vendor:   NVIDIA
    VRAM:     3962 MB
    Driver:   30.0.15.1165
Initialize mono
Mono path[0] = 'D:/Apps/Unity/Unity Hub/Editor/Data/Managed'
Mono path[1] = 'D:/Apps/Unity/Unity Hub/Editor/Data/MonoBleedingEdge/lib/mono/unityjit-win32'
Mono config path = 'D:/Apps/Unity/Unity Hub/Editor/Data/MonoBleedingEdge/etc'
Using monoOptions --debugger-agent=transport=dt_socket,embedding=1,server=y,suspend=n,address=127.0.0.1:56152
Begin MonoManager ReloadAssembly
Registering precompiled unity dll's ...
Register platform support module: D:/Apps/Unity/Unity Hub/Editor/Data/PlaybackEngines/AndroidPlayer/UnityEditor.Android.Extensions.dll
Register platform support module: D:/Apps/Unity/Unity Hub/Editor/Data/PlaybackEngines/WindowsStandaloneSupport/UnityEditor.WindowsStandalone.Extensions.dll
Registered in 0.003011 seconds.
- Loaded All Assemblies, in  0.279 seconds
Native extension for WindowsStandalone target not found
Native extension for Android target not found
Mono: successfully reloaded assembly
- Finished resetting the current domain, in  0.262 seconds
Domain Reload Profiling: 541ms
	BeginReloadAssembly (83ms)
		ExecutionOrderSort (0ms)
		DisableScriptedObjects (0ms)
		BackupInstance (0ms)
		ReleaseScriptingObjects (0ms)
		CreateAndSetChildDomain (1ms)
	RebuildCommonClasses (28ms)
	RebuildNativeTypeToScriptingClass (9ms)
	initialDomainReloadingComplete (41ms)
	LoadAllAssembliesAndSetupDomain (119ms)
		LoadAssemblies (82ms)
		RebuildTransferFunctionScriptingTraits (0ms)
		AnalyzeDomain (117ms)
			TypeCache.Refresh (115ms)
				TypeCache.ScanAssembly (103ms)
			ScanForSourceGeneratedMonoScriptInfo (0ms)
			ResolveRequiredComponents (0ms)
	FinalizeReload (262ms)
		ReleaseScriptCaches (0ms)
		RebuildScriptCaches (0ms)
		SetupLoadedEditorAssemblies (213ms)
			LogAssemblyErrors (0ms)
			InitializePlatformSupportModulesInManaged (83ms)
			SetLoadedEditorAssemblies (4ms)
			RefreshPlugins (0ms)
			BeforeProcessingInitializeOnLoad (2ms)
			ProcessInitializeOnLoadAttributes (86ms)
			ProcessInitializeOnLoadMethodAttributes (39ms)
			AfterProcessingInitializeOnLoad (0ms)
			EditorAssembliesLoaded (0ms)
		ExecutionOrderSort2 (0ms)
		AwakeInstancesAfterBackupRestoration (0ms)
========================================================================
Worker process is ready to serve import requests
Begin MonoManager ReloadAssembly
- Loaded All Assemblies, in  0.470 seconds
Refreshing native plugins compatible for Editor in 1.30 ms, found 3 plugins.
Native extension for WindowsStandalone target not found
Native extension for Android target not found
Package Manager log level set to [2]
[Package Manager] Server::EnsureServerProcessIsRunning -- launch failed, reason: Unity was launched with the -noUpm command-line argument
[Package Manager] UpmClient::Send -- Unable to send message (not connected to UPM process).
[Package Manager] Cannot connect to Unity Package Manager local server
Mono: successfully reloaded assembly
- Finished resetting the current domain, in  0.458 seconds
Domain Reload Profiling: 928ms
	BeginReloadAssembly (120ms)
		ExecutionOrderSort (0ms)
		DisableScriptedObjects (4ms)
		BackupInstance (0ms)
		ReleaseScriptingObjects (0ms)
		CreateAndSetChildDomain (20ms)
	RebuildCommonClasses (27ms)
	RebuildNativeTypeToScriptingClass (9ms)
	initialDomainReloadingComplete (29ms)
	LoadAllAssembliesAndSetupDomain (284ms)
		LoadAssemblies (206ms)
		RebuildTransferFunctionScriptingTraits (0ms)
		AnalyzeDomain (147ms)
			TypeCache.Refresh (131ms)
				TypeCache.ScanAssembly (115ms)
			ScanForSourceGeneratedMonoScriptInfo (12ms)
			ResolveRequiredComponents (4ms)
	FinalizeReload (458ms)
		ReleaseScriptCaches (0ms)
		RebuildScriptCaches (0ms)
		SetupLoadedEditorAssemblies (324ms)
			LogAssemblyErrors (0ms)
			InitializePlatformSupportModulesInManaged (18ms)
			SetLoadedEditorAssemblies (3ms)
			RefreshPlugins (0ms)
			BeforeProcessingInitializeOnLoad (46ms)
			ProcessInitializeOnLoadAttributes (242ms)
			ProcessInitializeOnLoadMethodAttributes (15ms)
			AfterProcessingInitializeOnLoad (2ms)
			EditorAssembliesLoaded (0ms)
		ExecutionOrderSort2 (0ms)
		AwakeInstancesAfterBackupRestoration (5ms)
Launched and connected shader compiler UnityShaderCompiler.exe after 0.03 seconds
Refreshing native plugins compatible for Editor in 1.37 ms, found 3 plugins.
Preloading 0 native plugins for Editor in 0.00 ms.
Unloading 3256 Unused Serialized files (Serialized files now loaded: 0)
Unloading 44 unused Assets / (129.8 KB). Loaded Objects now: 3722.
Memory consumption went from 127.5 MB to 127.4 MB.
Total: 3.245700 ms (FindLiveObjects: 0.250200 ms CreateObjectMapping: 0.104100 ms MarkObjects: 2.755900 ms  DeleteObjects: 0.134700 ms)

AssetImportParameters requested are different than current active one (requested -> active):
  custom:container-demuxer-ogg: 62fdf1f143b41e24485cea50d1cbac27 -> 
  custom:video-decoder-ogg-theora: a1e56fd34408186e4bbccfd4996cb3dc -> 
  custom:framework-win-MediaFoundation: 216162199b28c13a410421893ffa2e32 -> 
  custom:CustomObjectIndexerAttribute: 756ad292c208cfabdd7b50bc23989ffe -> 
  custom:container-demuxer-webm: 4f35f7cbe854078d1ac9338744f61a02 -> 
  custom:container-muxer-webm: aa71ff27fc2769a1b78a27578f13a17b -> 
  custom:video-decoder-webm-vp8: 9c59270c3fd7afecdb556c50c9e8de78 -> 
  custom:SearchIndexIgnoredProperties: e643bd26f0fe6173181afceb89e7c659 -> 
  custom:AudioImporter_EditorPlatform: d09bf68614088b80899f8185d706f6e7 -> 
  custom:video-encoder-webm-vp8: eb34c28f22e8b96e1ab97ce403110664 -> 
  custom:audio-decoder-ogg-vorbis: bf7c407c2cedff20999df2af8eb42d56 -> 
  custom:audio-encoder-webm-vorbis: bf7c407c2cedff20999df2af8eb42d56 -> 
========================================================================
Received Import Request.
  Time since last request: 78381.871645 seconds.
  path: Assets/Radu/trash/trashes.001.prefab
  artifactKey: Guid(c6ce6904063dd7245894ab2e3030681c) Importer(815301076,1909f56bfc062723c751e8b465ee728b)
Start importing Assets/Radu/trash/trashes.001.prefab using Guid(c6ce6904063dd7245894ab2e3030681c) Importer(815301076,1909f56bfc062723c751e8b465ee728b)  -> (artifact id: '572fb9396880c50fd0ea2bd1918f921d') in 0.109424 seconds
Number of updated asset objects reloaded before import = 0
Number of asset objects unloaded after import = 10
========================================================================
Received Import Request.
  Time since last request: 0.000041 seconds.
  path: Assets/Radu/trash/trashes.016.prefab
  artifactKey: Guid(16747f81b940b1540be3f663faa400dc) Importer(815301076,1909f56bfc062723c751e8b465ee728b)
Start importing Assets/Radu/trash/trashes.016.prefab using Guid(16747f81b940b1540be3f663faa400dc) Importer(815301076,1909f56bfc062723c751e8b465ee728b)  -> (artifact id: '14ce5cff221c820dc9d4f97f762aa770') in 0.019139 seconds
Number of updated asset objects reloaded before import = 0
Number of asset objects unloaded after import = 10
========================================================================
Received Import Request.
  Time since last request: 0.000032 seconds.
  path: Assets/Radu/trash/trashes.012.prefab
  artifactKey: Guid(9d65482e66ae2e0409faa8d0863a77fb) Importer(815301076,1909f56bfc062723c751e8b465ee728b)
Start importing Assets/Radu/trash/trashes.012.prefab using Guid(9d65482e66ae2e0409faa8d0863a77fb) Importer(815301076,1909f56bfc062723c751e8b465ee728b)  -> (artifact id: '0c72172aa6531595fbfb07433cb95e0d') in 0.015025 seconds
Number of updated asset objects reloaded before import = 0
Number of asset objects unloaded after import = 10
========================================================================
Received Import Request.
  Time since last request: 0.000017 seconds.
  path: Assets/Radu/trash/trashes.011.prefab
  artifactKey: Guid(bc65157dce733054895f81cf41d48de7) Importer(815301076,1909f56bfc062723c751e8b465ee728b)
Start importing Assets/Radu/trash/trashes.011.prefab using Guid(bc65157dce733054895f81cf41d48de7) Importer(815301076,1909f56bfc062723c751e8b465ee728b)  -> (artifact id: '3051d157de4cc302e5e59f3d6f3fc16f') in 0.017516 seconds
Number of updated asset objects reloaded before import = 0
Number of asset objects unloaded after import = 10
========================================================================
Received Import Request.
  Time since last request: 6.278289 seconds.
  path: Assets/Radu/trash/trashes.002.prefab
  artifactKey: Guid(ac4b1b4b9aee741419dc7d480cbd3e53) Importer(815301076,1909f56bfc062723c751e8b465ee728b)
Start importing Assets/Radu/trash/trashes.002.prefab using Guid(ac4b1b4b9aee741419dc7d480cbd3e53) Importer(815301076,1909f56bfc062723c751e8b465ee728b)  -> (artifact id: 'd257907644d259b251556c5a40521885') in 0.018494 seconds
Number of updated asset objects reloaded before import = 0
Number of asset objects unloaded after import = 10
========================================================================
Received Import Request.
  Time since last request: 0.000026 seconds.
  path: Assets/Radu/trash/trashes.020.prefab
  artifactKey: Guid(6da6583ccc4f8ec47a77420357ee77dc) Importer(815301076,1909f56bfc062723c751e8b465ee728b)
Start importing Assets/Radu/trash/trashes.020.prefab using Guid(6da6583ccc4f8ec47a77420357ee77dc) Importer(815301076,1909f56bfc062723c751e8b465ee728b)  -> (artifact id: '0b5d926074930f8cecabe66f11d792e8') in 0.035968 seconds
Number of updated asset objects reloaded before import = 0
Number of asset objects unloaded after import = 10
========================================================================
Received Import Request.
  Time since last request: 0.000024 seconds.
  path: Assets/Radu/trash/trashes.004.prefab
  artifactKey: Guid(3afae2c5a0cfdde47851cd4fe903a0f3) Importer(815301076,1909f56bfc062723c751e8b465ee728b)
Start importing Assets/Radu/trash/trashes.004.prefab using Guid(3afae2c5a0cfdde47851cd4fe903a0f3) Importer(815301076,1909f56bfc062723c751e8b465ee728b)  -> (artifact id: '4cf4d2403a1d52ae59dba2b6e8a8b22b') in 0.016998 seconds
Number of updated asset objects reloaded before import = 0
Number of asset objects unloaded after import = 10
========================================================================
Received Import Request.
  Time since last request: 0.000021 seconds.
  path: Assets/Radu/trash/trashes.016.prefab
  artifactKey: Guid(16747f81b940b1540be3f663faa400dc) Importer(815301076,1909f56bfc062723c751e8b465ee728b)
Start importing Assets/Radu/trash/trashes.016.prefab using Guid(16747f81b940b1540be3f663faa400dc) Importer(815301076,1909f56bfc062723c751e8b465ee728b)  -> (artifact id: '8dc91f20dc33c0e5fed0a7565b573938') in 0.016779 seconds
Number of updated asset objects reloaded before import = 0
Number of asset objects unloaded after import = 10
========================================================================
Received Import Request.
  Time since last request: 0.000023 seconds.
  path: Assets/Radu/trash/trashes.012.prefab
  artifactKey: Guid(9d65482e66ae2e0409faa8d0863a77fb) Importer(815301076,1909f56bfc062723c751e8b465ee728b)
Start importing Assets/Radu/trash/trashes.012.prefab using Guid(9d65482e66ae2e0409faa8d0863a77fb) Importer(815301076,1909f56bfc062723c751e8b465ee728b)  -> (artifact id: '4b56c8ba3813a476c1d905cb103556a1') in 0.011951 seconds
Number of updated asset objects reloaded before import = 0
Number of asset objects unloaded after import = 10
========================================================================
Received Import Request.
  Time since last request: 0.000023 seconds.
  path: Assets/Radu/trash/trashes.007.prefab
  artifactKey: Guid(62364077271111a48a5c1d0ebf39c28e) Importer(815301076,1909f56bfc062723c751e8b465ee728b)
Start importing Assets/Radu/trash/trashes.007.prefab using Guid(62364077271111a48a5c1d0ebf39c28e) Importer(815301076,1909f56bfc062723c751e8b465ee728b)  -> (artifact id: '3558c89197a85b58a889370e7ee85bc9') in 0.009769 seconds
Number of updated asset objects reloaded before import = 0
Number of asset objects unloaded after import = 10
========================================================================
Received Import Request.
  Time since last request: 13.453358 seconds.
  path: Assets/Radu/trash/trashes.002.prefab
  artifactKey: Guid(ac4b1b4b9aee741419dc7d480cbd3e53) Importer(815301076,1909f56bfc062723c751e8b465ee728b)
Start importing Assets/Radu/trash/trashes.002.prefab using Guid(ac4b1b4b9aee741419dc7d480cbd3e53) Importer(815301076,1909f56bfc062723c751e8b465ee728b)  -> (artifact id: '961a84a90a78d5f76f46e3cd8839cbed') in 0.017481 seconds
Number of updated asset objects reloaded before import = 0
Number of asset objects unloaded after import = 10
========================================================================
Received Import Request.
  Time since last request: 0.000030 seconds.
  path: Assets/Radu/trash/trashes.015.prefab
  artifactKey: Guid(ffa1f780d0762f540a87752ebf7c130b) Importer(815301076,1909f56bfc062723c751e8b465ee728b)
Start importing Assets/Radu/trash/trashes.015.prefab using Guid(ffa1f780d0762f540a87752ebf7c130b) Importer(815301076,1909f56bfc062723c751e8b465ee728b)  -> (artifact id: 'eac81c6566c4151cc08aa9b9e0e58e4d') in 0.010986 seconds
Number of updated asset objects reloaded before import = 0
Number of asset objects unloaded after import = 10
========================================================================
Received Import Request.
  Time since last request: 0.000022 seconds.
  path: Assets/Radu/trash/trashes.013.prefab
  artifactKey: Guid(7824a20ee1aaa5e4897c7abf3948784d) Importer(815301076,1909f56bfc062723c751e8b465ee728b)
Start importing Assets/Radu/trash/trashes.013.prefab using Guid(7824a20ee1aaa5e4897c7abf3948784d) Importer(815301076,1909f56bfc062723c751e8b465ee728b)  -> (artifact id: 'b62a7366c342e55554d838f0b89f4669') in 0.019435 seconds
Number of updated asset objects reloaded before import = 0
Number of asset objects unloaded after import = 10
========================================================================
Received Import Request.
  Time since last request: 0.000033 seconds.
  path: Assets/Radu/trash/trashes.005.prefab
  artifactKey: Guid(a8637a101867b2e4fadd04910904f881) Importer(815301076,1909f56bfc062723c751e8b465ee728b)
Start importing Assets/Radu/trash/trashes.005.prefab using Guid(a8637a101867b2e4fadd04910904f881) Importer(815301076,1909f56bfc062723c751e8b465ee728b)  -> (artifact id: '7d0f597370bc99e2520c4550798bda2b') in 0.012671 seconds
Number of updated asset objects reloaded before import = 0
Number of asset objects unloaded after import = 10
========================================================================
Received Import Request.
  Time since last request: 0.000040 seconds.
  path: Assets/Radu/trash/trashes.007.prefab
  artifactKey: Guid(62364077271111a48a5c1d0ebf39c28e) Importer(815301076,1909f56bfc062723c751e8b465ee728b)
Start importing Assets/Radu/trash/trashes.007.prefab using Guid(62364077271111a48a5c1d0ebf39c28e) Importer(815301076,1909f56bfc062723c751e8b465ee728b)  -> (artifact id: '0fe814f15447db4c2591ae470dabe91c') in 0.012940 seconds
Number of updated asset objects reloaded before import = 0
Number of asset objects unloaded after import = 10
